Using pre-set license
Built from '2020.3/release' branch; Version is '2020.3.12f1 (b3b2c6512326) revision 11776710'; Using compiler version '192528614'; Build Type 'Release'
OS: 'Windows 10 Pro; OS build 18363.1556; Version 1909; 64bit' Language: 'en' Physical Memory: 8089 MB
BatchMode: 1, IsHumanControllingUs: 0, StartBugReporterOnCrash: 0, Is64bit: 1, IsPro: 0

 COMMAND LINE ARGUMENTS:
C:\Program Files\Unity\Hub\Editor\2020.3.12f1\Editor\Unity.exe
-adb2
-batchMode
-noUpm
-name
AssetImportWorker1
-projectPath
C:/Users/HP/Documents/Unity Projects/VoxelGame/VoxelGame
-logFile
Logs/AssetImportWorker1.log
-srvPort
53871
Successfully changed project path to: C:/Users/HP/Documents/Unity Projects/VoxelGame/VoxelGame
C:/Users/HP/Documents/Unity Projects/VoxelGame/VoxelGame
Using Asset Import Pipeline V2.
